<?xml version="1.0" encoding="UTF-8"?>
<testsuite name="org.apache.roller.weblogger.business.FolderFunctionalityTest" time="1.449" tests="6" errors="0" skipped="0" failures="0">
  <properties>
[...]
</properties>
  <testcase name="testLookupAllFoldersByWeblog" classname="org.apache.roller.weblogger.business.FolderFunctionalityTest" time="0.192"/>
  <testcase name="testWalkFolderTree" classname="org.apache.roller.weblogger.business.FolderFunctionalityTest" time="0.285"/>
  <testcase name="testHasFolder" classname="org.apache.roller.weblogger.business.FolderFunctionalityTest" time="0.221"/>
  <testcase name="testLookupFolderByPath" classname="org.apache.roller.weblogger.business.FolderFunctionalityTest" time="0.251"/>
  <testcase name="testUniquenessOfFolderNames" classname="org.apache.roller.weblogger.business.FolderFunctionalityTest" time="0.24"/>
  <testcase name="testLookupFolderById" classname="org.apache.roller.weblogger.business.FolderFunctionalityTest" time="0.26"/>
</testsuite>